  MainLizeth.cpp
C:\Users\lizet\Documents\GitHub\316296179_ProyectoFinal_Gpo12\ProyectoFinal\MainLizeth.cpp(331,24): warning C4244: 'inicializando': conversión de 'double' a 'GLfloat'; posible pérdida de datos
C:\Users\lizet\Documents\GitHub\316296179_ProyectoFinal_Gpo12\ProyectoFinal\MainLizeth.cpp(671,23): warning C4244: '=': conversión de 'double' a 'float'; posible pérdida de datos
C:\Users\lizet\Documents\GitHub\316296179_ProyectoFinal_Gpo12\ProyectoFinal\MainLizeth.cpp(897,11): warning C4244: '=': conversión de 'double' a 'GLfloat'; posible pérdida de datos
C:\Users\lizet\Documents\GitHub\316296179_ProyectoFinal_Gpo12\ProyectoFinal\MainLizeth.cpp(898,11): warning C4244: '=': conversión de 'double' a 'GLfloat'; posible pérdida de datos
C:\Users\lizet\Documents\GitHub\316296179_ProyectoFinal_Gpo12\ProyectoFinal\MainLizeth.cpp(902,18): warning C4244: 'inicializando': conversión de 'double' a 'GLfloat'; posible pérdida de datos
C:\Users\lizet\Documents\GitHub\316296179_ProyectoFinal_Gpo12\ProyectoFinal\MainLizeth.cpp(903,18): warning C4244: 'inicializando': conversión de 'double' a 'GLfloat'; posible pérdida de datos
C:\Users\lizet\Documents\GitHub\316296179_ProyectoFinal_Gpo12\ProyectoFinal\MainLizeth.cpp(905,10): warning C4244: '=': conversión de 'double' a 'GLfloat'; posible pérdida de datos
C:\Users\lizet\Documents\GitHub\316296179_ProyectoFinal_Gpo12\ProyectoFinal\MainLizeth.cpp(906,10): warning C4244: '=': conversión de 'double' a 'GLfloat'; posible pérdida de datos
soil2-debug.lib(SOIL2.obj) : warning LNK4075: se omite '/EDITANDCONTINUE' debido a la especificación '/OPT:ICF'
LINK : warning LNK4098: la biblioteca predeterminada'MSVCRTD' entra en conflicto con otras bibliotecas; use la biblioteca /NODEFAULTLIB:biblioteca
  Generando código
  Previous IPDB not found, fall back to full compilation.
  All 621 functions were compiled because no usable IPDB/IOBJ from previous compilation was found.
  Generación de código finalizada
soil2-debug.lib(etc1_utils.obj) : warning LNK4099: no se encontró PDB 'soil2-debug.pdb' con 'soil2-debug.lib(etc1_utils.obj)' o en 'C:\Users\lizet\Documents\GitHub\316296179_ProyectoFinal_Gpo12\Release\soil2-debug.pdb'; se vinculará el objeto sin tener en cuenta información de depuración
soil2-debug.lib(image_DXT.obj) : warning LNK4099: no se encontró PDB 'soil2-debug.pdb' con 'soil2-debug.lib(image_DXT.obj)' o en 'C:\Users\lizet\Documents\GitHub\316296179_ProyectoFinal_Gpo12\Release\soil2-debug.pdb'; se vinculará el objeto sin tener en cuenta información de depuración
soil2-debug.lib(image_helper.obj) : warning LNK4099: no se encontró PDB 'soil2-debug.pdb' con 'soil2-debug.lib(image_helper.obj)' o en 'C:\Users\lizet\Documents\GitHub\316296179_ProyectoFinal_Gpo12\Release\soil2-debug.pdb'; se vinculará el objeto sin tener en cuenta información de depuración
soil2-debug.lib(SOIL2.obj) : warning LNK4099: no se encontró PDB 'soil2-debug.pdb' con 'soil2-debug.lib(SOIL2.obj)' o en 'C:\Users\lizet\Documents\GitHub\316296179_ProyectoFinal_Gpo12\Release\soil2-debug.pdb'; se vinculará el objeto sin tener en cuenta información de depuración
  ProyectoFinal.vcxproj -> C:\Users\lizet\Documents\GitHub\316296179_ProyectoFinal_Gpo12\Release\ProyectoFinal.exe
